         w __deregister_frame_info
         w _ITM_deregisterTMCloneTable
         w _ITM_registerTMCloneTable
         w __register_frame_info
00000000 00000401 b __fixedpath
00000000 b .LANCHOR1
00000000 a shift
00000000 a shift
00000000 b _TLS_MODULE_BASE_
00000404 b .LANCHOR3
00000404 00000802 b __utf16path
00000c08 b .LANCHOR5
00000c08 00000802 b __utf16path_old.8577
00100000 A __start__
00100000 T _start
00100008 T __service_ptr
0010000c T __apt_appid
00100010 T __heap_size
00100014 T __linear_heap_size
00100018 T __system_arglist
0010001c T __system_runflags
00100020 t startup
00100058 t ClearMem
0010006c t ClrLoop
00100094 T _init
001000ac T initSystem
001000f0 T __ctru_exit
00100110 T __aeabi_idiv
00100110 00000220 T __divsi3
00100118 t .divsi3_skip_div0_test
00100330 00000020 T __aeabi_idivmod
00100350 00000004 W __aeabi_idiv0
00100350 00000004 W __aeabi_ldiv0
00100354 T __aeabi_uldivmod
001003a8 00000390 T strcmp
00100730 T __aeabi_uidiv
00100730 000001ec T __udivsi3
00100730 t .udivsi3_skip_div0_test
0010091c 00000020 T __aeabi_uidivmod
0010093c T __aeabi_drsub
00100944 000002b0 T __aeabi_dsub
00100944 000002b0 T __subdf3
00100948 000002ac T __adddf3
00100948 000002ac T __aeabi_dadd
00100bf4 00000024 T __aeabi_ui2d
00100bf4 00000024 T __floatunsidf
00100c18 00000028 T __aeabi_i2d
00100c18 00000028 T __floatsidf
00100c40 00000048 T __aeabi_f2d
00100c40 00000048 T __extendsfdf2
00100c88 00000074 T __aeabi_ul2d
00100c88 00000074 T __floatundidf
00100c9c 00000060 T __aeabi_l2d
00100c9c 00000060 T __floatdidf
00100cfc t deregister_tm_clones
00100d28 t register_tm_clones
00100d60 t __do_global_dtors_aux
00100da4 t frame_dummy
00100dd8 000000b8 t ezxml_free_attr.part.2
00100e90 00000088 T ezxml_err
00100f18 00000454 T ezxml_decode
0010136c 000000dc T ezxml_char_content
00101448 00000060 T ezxml_close_tag
001014a8 000000c8 T ezxml_ent_ok
00101570 00000254 T ezxml_proc_inst
001017c4 00000774 T ezxml_internal_dtd
00101f38 000001b4 T ezxml_str2utf8
001020ec 00000084 T ezxml_new
00102170 0000014c T ezxml_insert
001022bc 00000050 T ezxml_add_child
0010230c 0000004c T ezxml_open_tag
00102358 000009f4 T ezxml_parse_str
00102d4c 000003a8 T getRequest
001030f4 000000d8 T search_node
001031cc 0000008c T main
00103258 000001b8 T consoleDrawChar
00103410 00000124 T consolePrintChar
00103534 00000164 t consoleCls
00103698 00000104 T consoleInit
0010379c 00000114 t consoleClearLine
001038b0 000000c4 t newRow
00103974 000007b8 T con_write
0010412c 0000008c t gfxSetFramebufferInfo.part.0
001041b8 0000006c t gfxSetFramebufferInfo
00104224 00000058 t gfxGetFramebuffer.part.1
0010427c 00000018 T __get_bytes_per_pixel
00104294 00000184 T gfxSetScreenFormat
00104418 00000010 T gfxSetDoubleBuffering
00104428 00000210 T gfxInit
00104638 00000010 T gfxInitDefault
00104648 000000e0 T gfxExit
00104728 00000060 T gfxGetFramebuffer
00104788 000000cc T gfxFlushBuffers
00104854 000000f8 T gfxConfigScreen
0010494c 00000020 T gfxSwapBuffers
0010496c 00000020 T gfxSwapBuffersGpu
0010498c 00000074 T gspInit
00104a00 0000003c T gspExit
00104a3c 000000a0 T gspInitEventHandler
00104adc 00000040 T gspExitEventHandler
00104b1c 00000044 T gspWaitForEvent
00104b60 00000004 W gxCmdQueueInterrupt
00104b64 00000178 t gspEventThreadMain
00104cdc 0000006c T GSPGPU_SetBufferSwap
00104d48 0000004c T GSPGPU_FlushDataCache
00104d94 00000034 T GSPGPU_SetLcdForceBlack
00104dc8 00000064 T GSPGPU_RegisterInterruptRelayQueue
00104e2c 0000002c T GSPGPU_UnregisterInterruptRelayQueue
00104e58 00000048 T GSPGPU_AcquireRight
00104ea0 0000002c T GSPGPU_ReleaseRight
00104ecc 00000080 T GSPGPU_ImportDisplayCaptureInfo
00104f4c 0000002c T GSPGPU_SaveVramSysArea
00104f78 0000002c T GSPGPU_RestoreVramSysArea
00104fa4 00000004 W _aptDebug
00104fa8 00000170 T aptSendCommand
00105118 0000003c t aptExitProcess
00105154 0000004c T APT_InquireNotification
001051a0 00000198 t aptEventHandler
00105338 00000074 T APT_AppletUtility
001053ac 000000b0 T aptSetSleepAllowed
0010545c 000000b0 T APT_GlanceParameter
0010550c 000000c4 T APT_ReceiveParameter
001055d0 000000bc t aptReceiveParameter.constprop.0
00105690 000001e0 t aptScreenTransfer
00105870 00000210 t aptWaitForWakeUp
00105a80 00000070 T APT_CancelParameter
00105af0 0000025c T aptInit
00105d4c 00000088 t aptClearParamQueue
00105dd4 00000208 T aptMainLoop
00105fe0 0000023c T aptExit
0010621c 0000007c T APT_CheckNew3DS
00106298 00000028 t hidCheckSectionUpdateTime.part.0
001062c0 000000d0 T hidExit
00106390 00000210 T hidScanInput
001065a0 00000090 T HIDUSER_GetHandles
00106630 000001a4 T hidInit
001067d4 0000019c T httpcInit
00106970 00000138 T httpcOpenContext
00106aa8 00000044 T httpcCloseContext
00106aec 00000080 T httpcAddRequestHeaderField
00106b6c 00000030 T httpcBeginRequest
00106b9c 00000044 T httpcReceiveData
00106be0 00000100 T httpcDownloadData
00106ce0 00000078 T httpcGetResponseHeader
00106d58 0000003c T httpcGetResponseStatusCode
00106d94 00000034 T httpcSetSSLOpt
00106dc8 00000034 T httpcSetKeepAlive
00106dfc 000000c0 T utf8_to_utf16
00106ebc 00000138 T decode_utf8
00106ff4 000000e8 T utf16_to_utf8
001070dc 00000038 W __libctru_init
00107114 00000038 t __libctru_nanosleep
0010714c 00000030 t __ctru_get_reent
0010717c 000000fc T __system_initSyscalls
00107278 00000104 W __system_allocateHeaps
0010737c 000000f0 T __system_initArgv
0010746c T svcControlMemory
0010748c T svcExitProcess
00107494 T svcCreateThread
001074b4 T svcExitThread
001074bc T svcSleepThread
001074c4 T svcReleaseMutex
001074cc T svcCreateEvent
001074e0 T svcSignalEvent
001074e8 T svcClearEvent
001074f0 T svcCreateMemoryBlock
00107508 T svcMapMemoryBlock
00107510 T svcUnmapMemoryBlock
00107518 T svcCreateAddressArbiter
0010752c T svcArbitrateAddress
00107544 T svcCloseHandle
0010754c T svcWaitSynchronization
00107554 T svcWaitSynchronizationN
0010757c T svcDuplicateHandle
00107590 T svcGetSystemTick
00107598 T svcGetSystemInfo
001075b0 T svcConnectToPort
001075c4 T svcSendSyncRequest
001075cc T svcBreak
001075d4 00000024 t addrMapNodeComparator(rbtree_node const*, rbtree_node const*)
001075f8 00000004 t addrMapNodeDestructor(rbtree_node*)
001075fc 00000110 T vramMemAlign
0010770c 00000008 T vramAlloc
00107714 00000050 T vramFree
00107764 00000024 t addrMapNodeComparator(rbtree_node const*, rbtree_node const*)
00107788 00000004 t addrMapNodeDestructor(rbtree_node*)
0010778c 000000e4 T mappableAlloc
00107870 00000050 T mappableFree
001078c0 00000024 t addrMapNodeComparator(rbtree_node const*, rbtree_node const*)
001078e4 00000004 t addrMapNodeDestructor(rbtree_node*)
001078e8 0000011c T linearMemAlign
00107a04 00000008 T linearAlloc
00107a0c 00000050 T linearFree
00107a5c 00000090 T MemPool::CoalesceRight(MemBlock*)
00107aec 00000174 T MemPool::Allocate(MemChunk&, unsigned long, int)
00107c60 000000fc T MemPool::Deallocate(MemChunk const&)
00107d5c 00000038 t LightLock_Unlock.part.1
00107d94 0000000c T __sync_init
00107da0 00000018 T __sync_fini
00107db8 00000010 T __sync_get_arbiter
00107dc8 00000018 T LightLock_Init
00107de0 0000009c T LightLock_Lock
00107e7c 00000034 T LightLock_TryLock
00107eb0 00000020 T LightLock_Unlock
00107ed0 00000024 T RecursiveLock_Init
00107ef4 00000030 T RecursiveLock_Lock
00107f24 00000058 T RecursiveLock_TryLock
00107f7c 00000038 T RecursiveLock_Unlock
00107fb4 00000038 T LightEvent_Init
00107fec 0000007c T LightEvent_Clear
00108068 000000dc T LightEvent_Signal
00108144 000000c0 T LightEvent_Wait
00108204 00000058 t getSysTime
0010825c 00000028 t __ctru_speedup_config.part.0
00108284 00000024 T osGetMemRegionUsed
001082a8 00000128 T __libctru_gtod
001083d0 00000018 T __ctru_speedup_config
001083e8 00000058 T srvExit
00108440 00000038 T srvRegisterClient
00108478 000000c8 T srvInit
00108540 00000080 T srvGetServiceHandleDirect
001085c0 00000038 T srvGetServiceHandle
001085f8 0000001c t threadFree.part.0
00108614 00000194 T threadCreate
001087a8 00000024 T threadJoin
001087cc 00000068 T threadExit
00108834 00000048 t _thread_begin
0010887c 000000ac T irrstScanInput
00108928 00000024 T irrstKeysHeld
0010894c 00000050 T IRRST_GetHandles
0010899c 00000154 T irrstInit
00108af0 0000002c T IRRST_Shutdown
00108b1c 000000ac T irrstExit
00108bc8 0000000c T srvPmGetSessionHandle
00108bd4 00000074 T ptmSysmInit
00108c48 0000003c T ptmSysmExit
00108c84 00000034 T PTMSYSM_ConfigureNew3DSCPU
00108cb8 00000014 T rbtree_init
00108ccc 0000018c t do_insert
00108e58 00000008 T rbtree_insert
00108e60 00000090 T rbtree_rotate
00108ef0 00000330 T rbtree_remove
00109220 00000074 T rbtree_find
00109294 00000068 T encode_utf16
001092fc 00000104 T encode_utf8
00109400 00000060 T decode_utf16
00109460 0000001c W __appInit
0010947c 0000001c W __appExit
00109498 000000a0 W __libctru_exit
00109538 00000080 T envGetHandle
001095b8 0000004c T envDestroyHandles
00109604 00000010 t sdmc_link
00109614 00000010 t sdmc_dirreset
00109624 00000010 t sdmc_chmod
00109634 00000024 t error_cmp
00109658 00000050 t sdmc_translate_error
001096a8 00000034 t sdmc_fsync
001096dc 00000054 t sdmc_ftruncate
00109730 000000b8 t sdmc_statvfs
001097e8 00000038 t sdmc_dirclose
00109820 0000012c t sdmc_dirnext
0010994c 00000034 t sdmc_close
00109980 00000074 t sdmc_fstat
001099f4 000000d8 t sdmc_seek
00109acc 00000084 t sdmc_read
00109b50 000000c0 t sdmc_write
00109c10 000001b0 t sdmc_utf16path
00109dc0 00000074 t sdmc_rmdir
00109e34 000000a4 t sdmc_diropen
00109ed8 000000b0 t sdmc_chdir
00109f88 00000094 t sdmc_mkdir
0010a01c 00000108 t sdmc_rename
0010a124 00000074 t sdmc_unlink
0010a198 00000108 t sdmc_stat
0010a2a0 00000198 t sdmc_open
0010a438 00000010 t sdmc_fchmod
0010a448 00000168 T sdmcInit
0010a5b0 00000060 T sdmcExit
0010a610 00000028 t fsSessionForArchive.part.0
0010a638 000000c4 T fsInit
0010a6fc 0000003c T fsExit
0010a738 00000064 T fsExemptFromSession
0010a79c 00000054 T fsUnexemptFromSession
0010a7f0 000000bc T FSUSER_OpenFile
0010a8ac 000000a4 T FSUSER_DeleteFile
0010a950 000000dc T FSUSER_RenameFile
0010aa2c 000000a4 T FSUSER_DeleteDirectory
0010aad0 000000bc T FSUSER_CreateFile
0010ab8c 000000ac T FSUSER_CreateDirectory
0010ac38 000000dc T FSUSER_RenameDirectory
0010ad14 000000a0 T FSUSER_OpenDirectory
0010adb4 00000098 T FSUSER_OpenArchive
0010ae4c 00000070 T FSUSER_CloseArchive
0010aebc 00000078 T FSUSER_GetSdmcArchiveResource
0010af34 00000064 T FSUSER_IsSdmcWritable
0010af98 00000058 T FSFILE_Read
0010aff0 00000064 T FSFILE_Write
0010b054 00000038 T FSFILE_GetSize
0010b08c 00000028 T FSFILE_SetSize
0010b0b4 0000003c T FSFILE_Close
0010b0f0 00000024 T FSFILE_Flush
0010b114 00000054 T FSDIR_Read
0010b168 0000003c T FSDIR_Close
0010b1a4 00000078 T rbtree_node_next
0010b21c T __aeabi_read_tp
0010b228 0000002c T __aeabi_d2lz
0010b228 0000002c T __fixdfdi
0010b258 00000040 T __aeabi_d2ulz
0010b258 00000040 T __fixunsdfdi
0010b298 00000128 T __udivmoddi4
0010b3c0 0000007c T bsearch
0010b43c 00000020 T calloc
0010b45c 00000094 T _calloc_r
0010b4f0 00000040 T __libc_fini_array
0010b530 000000f8 T _malloc_trim_r
0010b628 000002e4 T _free_r
0010b90c 0000007c T __libc_init_array
0010b988 00000020 T memalign
0010b9a8 0000014c T _memalign_r
0010baf4 00000018 T malloc
0010bb0c 00000018 T free
0010bb24 000007d8 T _malloc_r
0010c2fc 00000100 T memchr
0010c3fc 00000118 T memcpy
0010c514 00000154 T memmove
0010c668 00000114 T memset
0010c77c 0000000c T __malloc_lock
0010c788 0000000c T __malloc_unlock
0010c794 00000038 T printf
0010c7cc 000000e0 T _puts_r
0010c8ac 00000018 T puts
0010c8c4 00000020 T realloc
0010c8e4 000004bc T _realloc_r
0010cda0 0000025c T setvbuf
0010cffc 000000d4 T snprintf
0010d0d0 00000064 T sprintf
0010d134 00000074 T sscanf
0010d1a8 0000003c T __sread
0010d1e4 00000008 T __seofread
0010d1ec 00000068 T __swrite
0010d254 00000048 T __sseek
0010d29c 00000008 T __sclose
0010d2a4 00000180 T strchr
0010d424 000000f0 T strcpy
0010d514 00000060 T strcspn
0010d574 00000018 T strdup
0010d58c 00000040 T _strdup_r
0010d5cc 0000005c T strlen
0010d628 00000098 T strncat
0010d6c0 0000010c T strncmp
0010d7cc 000000e0 T strncpy
0010d8ac 0000005c T strnlen
0010d908 00000068 T strspn
0010d970 00000494 t two_way_long_needle
0010de04 00000264 T strstr
0010e068 000001bc t _strtol_l.isra.0
0010e224 00000004 T _strtol_r
0010e228 00000028 T strtol
0010e250 00000620 t get_arg
0010e870 000035c0 T _svfprintf_r
00111e30 00000048 t get_arg
00111e78 00002acc T __ssvfscanf_r
00114944 00000034 T __sprint_r
00114978 00000620 t get_arg
00114f98 0000373c T _vfprintf_r
001186d4 000000d0 t __sbprintf
001187a4 000000a4 T _vsnprintf_r
00118848 00000038 T vsnprintf
00118880 00000054 T _wcrtomb_r
001188d4 00000020 T _wcsrtombs_r
001188f4 00000150 T __swsetup_r
00118a44 000001c8 t quorem
00118c10 000012ec T _dtoa_r
00119efc 00000270 T __sflush_r
0011a16c 00000094 T _fflush_r
0011a200 00000078 t std
0011a278 0000000c T _cleanup_r
0011a284 0000008c T __sinit
0011a310 0000000c T __sfp_lock_acquire
0011a31c 0000000c T __sfp_lock_release
0011a328 000004a4 T __sfvwrite_r
0011a7cc 00000080 T _fwalk_reent
0011a84c 00000008 T iswspace
0011a854 0000000c T _localeconv_r
0011a860 00000010 T __locale_mb_cur_max
0011a870 00000094 T __swhatbuf_r
0011a904 000000f4 T __smakebuf_r
0011a9f8 00000060 T _mbrtowc_r
0011aa58 000002fc T __utf8_mbtowc
0011ad54 000000fc T memcmp
0011ae50 00000088 T _Balloc
0011aed8 0000001c T _Bfree
0011aef4 000000e0 T __multadd
0011afd4 000000e4 T __s2b
0011b0b8 00000058 T __hi0bits
0011b110 0000009c T __lo0bits
0011b1ac 00000020 T __i2b
0011b1cc 000001c4 T __multiply
0011b390 00000100 T __pow5mult
0011b490 000000f4 T __lshift
0011b584 0000005c T __mcmp
0011b5e0 00000168 T __mdiff
0011b748 00000074 T __ulp
0011b7bc 000000d4 T __b2d
0011b890 00000100 T __d2b
0011b990 00000084 T __ratio
0011ba14 0000006c T __copybits
0011ba80 00000078 T __any_on
0011baf8 000000cc T __sccl
0011bbc4 0000000c T nanf
0011bbd0 000000a8 T frexp
0011bc78 00000100 T stpncpy
0011bd78 00000054 t sulp
0011bdd0 000013c4 T _strtod_l
0011d194 0000000c T _strtod_r
0011d1a0 0000025c t _strtoll_l.isra.0
0011d3fc 00000004 T _strtoll_r
0011d400 0000025c t _strtoull_l.isra.0
0011d65c 00000004 T _strtoull_r
0011d660 000001d0 t _strtoul_l.isra.0
0011d830 00000004 T _strtoul_r
0011d834 00000188 T __ssprint_r
0011d9bc 000000e4 T _sungetc_r
0011daa0 0000006c T __ssrefill_r
0011db0c 000000c8 T _sfread_r
0011dbd4 000000a4 T __submore
0011dc78 00000184 T _wcsnrtombs_l
0011ddfc 0000004c T _wcsnrtombs_r
0011de48 000000e8 T __utf8_wctomb
0011df30 00000160 T _fclose_r
0011e090 000000ec t rshift
0011e17c 00000828 T __gethex
0011e9a4 00000060 T __match
0011ea04 00000254 T __hexnan
0011ec58 0000003c T iswspace_l
0011ec94 000001e0 t __jp2uc
0011ee74 00000094 T _jp2uc_l
0011ef08 00000010 T nan
0011ef18 00000084 T category
0011ef9c 00000008 t null_write
0011efa4 00000018 T setDefaultDevice
0011efbc 000000c8 T FindDevice
0011f084 00000028 T RemoveDevice
0011f0ac 0000009c T AddDevice
0011f148 00000084 T _close_r
0011f1cc 00000074 T _fstat_r
0011f240 00000008 T _isatty_r
0011f248 00000084 T _lseek_r
0011f2cc 00000080 T _read_r
0011f34c 00000070 T _sbrk_r
0011f3bc 00000080 T _write_r
0011f43c 000001cc T _concatenate_path
0011f608 0000015c T chdir
0011f764 00000008 T __flockfile
0011f76c 00000008 T __funlockfile
0011f774 00000018 T __libc_lock_acquire
0011f78c 00000018 T __libc_lock_release
0011f7a4 00000018 T __libc_lock_init_recursive
0011f7bc 00000018 T __libc_lock_acquire_recursive
0011f7d4 00000018 T __libc_lock_release_recursive
0011f7ec 00000018 T __libc_lock_close_recursive
0011f804 0000008c T __release_handle
0011f890 00000018 T __get_handle
0011f8a8 00000028 T __getreent
0011f8d0 00000044 T strrchr
0011f914 T _fini
00120000 0000002c r ent.8390
0012002c R default_font_bin
0012082c R default_font_bin_end
0012082c R default_font_bin_size
00120dcc 00000030 r colorTable
00120e50 00000070 r dotab_stdout
00120ed0 00000014 r CSWTCH.56
00120ee4 00000008 r framebufferInfoSt
00120f4c 00000030 r error_table
00120f94 00000101 R _ctype_
001210d0 00000010 r blanks.8740
001210e0 00000010 r zeroes.8741
001210f8 00000022 r basefix.8784
0012111c 00000010 r blanks.8755
0012112c 00000010 r zeroes.8756
0012114c r .LC2
00121198 00000028 R __mprec_bigtens
001211c0 000000c8 R __mprec_tens
00121288 0000000c r p05.7474
001212a4 00000014 r fpi.7554
001212b8 00000014 r fpinan.7590
001212d0 00000028 r tinytens
001212f8 0000006c R __action_table
00121364 00000100 R __chclass
00121464 0000006c R __state_table
001214d0 00000100 R __hexdig
001215e4 000000bc r a1
001216a0 000000bc r a2
0012175c 0000005b r a3
001217b8 00000070 r a6
00121828 000000a2 r a7
001218cc 00000040 r a8
0012190c 0000172a r b02cf
00123038 00001a7c r d02f4
00124ab4 0000000c R _C_numeric_locale
00124ac0 0000309c r categories
00127b64 00000070 R dotab_stdnull
00127bd4 00000003 R DIRECTORY_PARENT
00127bd8 r 
00127bd8 R __exidx_end
00127bd8 R __exidx_start
00128000 W __stacksize__
00128004 00000004 D currentConsole
00128008 0000004c D defaultConsole
00128054 00000001 d firstConsoleInit.8423
00128055 00000001 d botFormat
00128058 00000008 d doubleBuf
00128060 00000001 d topFormat
00128064 00000004 d gspLastEvent
00128068 00000004 d aptFlags
0012806c 00000004 V __ctru_linear_heap_size
00128070 00000401 d __cwd
00128474 00000070 d sdmc_devoptab
001284e4 00000004 D _impure_ptr
001284e8 00000460 d impure_data
00128948 00000408 D __malloc_av_
00128d50 00000004 D __malloc_sbrk_base
00128d54 00000004 D __malloc_trim_threshold
00128d58 0000000c d __malloc_recursive_mutex
00128d64 0000000c d __sfp_recursive_mutex
00128d70 0000000c d __sinit_recursive_mutex
00128d7c 0000016c D __global_locale
00128ee8 00000002 d numempty
00128eec 00000004 d defaultDevice
00128ef0 0000008c D devoptab_list
00128f7c 00000400 d _current_working_directory
0012937c 00000004 d __hndl_lock
00129380 0000000c d __stderr_handle
0012938c 0000000c d __stdin_handle
00129398 0000000c d __stdout_handle
001293a4 00001000 d handles
0012a3a4 t __frame_dummy_init_array_entry
0012a3a4 T __init_array_start
0012a3a4 B __preinit_array_end
0012a3a4 B __preinit_array_start
0012a3a4 D __tdata_lma
0012a3a4 D __tdata_lma_end
0012a3a4 D __TMC_END__
0012a3a4 d __TMC_LIST__
0012a3a8 t __do_global_dtors_aux_fini_array_entry
0012a3a8 T __fini_array_start
0012a3a8 T __init_array_end
0012a3ac T __bss_start__
0012a3ac 00000004 B EZXML_NIL
0012a3ac T __fini_array_end
0012a3b0 b saved_stack
0012a3b8 b completed.10351
0012a3bc b object.10356
0012a3d4 00000002 b currentBuffer
0012a3d6 00000001 b enable3d
0012a3d8 00000004 b screenAlloc
0012a3dc 00000004 b screenFree
0012a3e0 00000004 b gspEvent
0012a3e4 0000001c b gspEventCb
0012a400 0000001c b gspEventCbData
0012a41c 00000007 b gspEventCbOneShot
0012a424 0000001c b gspEventCounts
0012a440 00000004 b gspEventData
0012a444 00000004 b gspEventThread
0012a448 00000038 b gspEvents
0012a480 00000004 b gspRefCount
0012a484 00000001 b gspRunEvents
0012a485 00000001 b aptChainloadMediatype
0012a488 00000008 b aptChainloadTid
0012a490 00000004 b aptEventHandlerThread
0012a494 0000000c b aptEvents
0012a4a0 0000000c b aptFirstHook
0012a4ac 00000001 b aptHomeButtonState
0012a4b0 00000004 b aptLockHandle
0012a4b4 00000004 b aptMessageFunc
0012a4b8 00000004 b aptMessageFuncData
0012a4bc 00001000 b aptParameters
0012b4bc 00000004 b aptRefCount
0012b4c0 00000008 b aptSleepEvent
0012b4c8 00000001 b flagInit.8274
0012b4c9 00000001 b flagValue.8275
0012b4cc 00000004 b serviceName.7913
0012b4d0 00000006 b aVec
0012b4d8 00000004 b cPos
0012b4dc 00000006 b gRate
0012b4e4 00000004 b hidRefCount
0012b4e8 00000004 b kDown
0012b4ec 00000004 b kHeld
0012b4f0 00000004 b kOld
0012b4f4 00000004 b kUp
0012b4f8 00000004 b tPos
0012b4fc 00000004 b __httpc_refcount
0012b500 00000004 b __httpc_sharedmem_handle
0012b504 00000004 b __httpc_sharedmem_size
0012b508 00000004 V __ctru_heap_size
0012b50c 0000000c b sAddrMap
0012b518 00000008 b sVramPool
0012b520 00000008 b sMappablePool
0012b528 0000000c b sAddrMap
0012b534 00000008 b sLinearPool
0012b53c 0000000c b sAddrMap
0012b548 00000004 b arbiter
0012b54c 00000001 V __ctru_speedup
0012b550 00000004 b srvHandle
0012b554 00000004 b srvRefCount
0012b558 00000004 b csPos
0012b55c 00000004 b irrstRefCount
0012b560 00000004 b kHeld
0012b564 00000004 b srvPmHandle
0012b568 00000004 b ptmSysmHandle
0012b56c 00000004 b ptmSysmRefCount
0012b570 00000008 b sdmcArchive
0012b578 00000001 b sdmcInitialised
0012b580 00000080 b fsExemptArchives
0012b600 00000004 b fsuHandle
0012b604 00000004 b fsuRefCount
0012b608 00000028 B __malloc_current_mallinfo
0012b630 00000004 B __malloc_max_sbrked_mem
0012b634 00000004 B __malloc_max_total_mem
0012b638 00000004 B __malloc_top_pad
0012b63c 00000004 b heap_start.7414
0012b640 00000004 B fake_heap_end
0012b644 00000004 B fake_heap_start
0012b648 00000400 b temp_cwd
0012ba48 00000048 B __syscalls
0012ba90 0000004c B currentCopy
0012badc 00000008 B gfxBottomFramebuffers
0012bae4 00000004 B gspSharedMemHandle
0012bae8 0000001c B bottomFramebufferInfo
0012bb04 00000004 B gspEvent
0012bb08 00000008 B gfxTopLeftFramebuffers
0012bb10 00000008 B gfxTopRightFramebuffers
0012bb18 0000001c B topFramebufferInfo
0012bb34 00000001 B gfxThreadID
0012bb38 00000004 B gfxSharedMemory
0012bb3c 00000004 B gfxTopFramebufferMaxSize
0012bb40 00000004 B gfxBottomFramebufferMaxSize
0012bb44 00000004 B gxCmdBuf
0012bb48 00000004 B gspGpuHandle
0012bb4c 00000004 B hidMemHandle
0012bb50 00000004 B hidHandle
0012bb54 00000004 B hidSharedMem
0012bb58 00000014 B hidEvents
0012bb6c 00000004 B __httpc_servhandle
0012bb70 00000004 B __httpc_sharedmem_addr
0012bb74 00000004 B __system_retAddr
0012bb78 00000004 B __ctru_linear_heap
0012bb7c 00000004 B __ctru_heap
0012bb80 00000004 B __system_argv
0012bb84 00000004 B __system_argc
0012bb88 00000004 B irrstHandle
0012bb8c 00000004 B irrstEvent
0012bb90 00000004 B irrstMemHandle
0012bb94 00000004 B irrstSharedMem
0012bb98 B __tls_start
0012cfa4 B __bss_end__
0012cfa4 A __end__
0012cfa4 B __tls_end
